This is pdfTeX, Version 3.14159265-2.6-1.40.19 (MiKTeX 2.9.6840) (preloaded format=pdflatex 2018.12.2)  9 DEC 2018 00:56
entering extended mode
**./thesis.tex
(thesis.tex
LaTeX2e <2018-04-01> patch level 5
(thesisclass.cls
Document Class: thesisclass 
(/home/philipp/.miktex/texmfs/install/tex/latex/koma-script/scrbook.cls
Document Class: scrbook 2018/03/30 v3.25 KOMA-Script document class (book)
(/home/philipp/.miktex/texmfs/install/tex/latex/koma-script/scrkbase.sty
Package: scrkbase 2018/03/30 v3.25 KOMA-Script package (KOMA-Script-dependent b
asics and keyval usage)

(/home/philipp/.miktex/texmfs/install/tex/latex/koma-script/scrbase.sty
Package: scrbase 2018/03/30 v3.25 KOMA-Script package (KOMA-Script-independent 
basics and keyval usage)

(/home/philipp/.miktex/texmfs/install/tex/latex/graphics/keyval.sty
Package: keyval 2014/10/28 v1.15 key=value parser (DPC)
\KV@toks@=\toks14
)
(/home/philipp/.miktex/texmfs/install/tex/latex/koma-script/scrlfile.sty
Package: scrlfile 2018/03/30 v3.25 KOMA-Script package (loading files)
)))
(/home/philipp/.miktex/texmfs/install/tex/latex/koma-script/tocbasic.sty
Package: tocbasic 2018/03/30 v3.25 KOMA-Script package (handling toc-files)
\scr@dte@tocline@numberwidth=\skip41
\scr@dte@tocline@numbox=\box26
)
Package tocbasic Info: omitting babel extension for `toc'
(tocbasic)             because of feature `nobabel' available
(tocbasic)             for `toc' on input line 136.
Package tocbasic Info: defining new hook before heading of `' on input line 166
3.
Package scrbook Info: You've used standard option `11pt'.
(scrbook)             This is correct!
(scrbook)             Internally I'm using `fontsize=11pt'.
(scrbook)             If you'd like to set the option with \KOMAoptions,
(scrbook)             you'd have to use `fontsize=11pt' there
(scrbook)             instead of `11pt', too.
Class scrbook Info: File `scrsize11pt.clo' used to setup font sizes on input li
ne 2331.

(/home/philipp/.miktex/texmfs/install/tex/latex/koma-script/scrsize11pt.clo
File: scrsize11pt.clo 2018/03/30 v3.25 KOMA-Script font size class option (11pt
)
)
(/home/philipp/.miktex/texmfs/install/tex/latex/koma-script/typearea.sty
Package: typearea 2018/03/30 v3.25 KOMA-Script package (type area)
\ta@bcor=\skip42
\ta@div=\count80
\ta@hblk=\skip43
\ta@vblk=\skip44
\ta@temp=\skip45
\footheight=\skip46
Package typearea Info: These are the values describing the layout:
(typearea)             DIV  = 10
(typearea)             BCOR = 0.0pt
(typearea)             \paperwidth      = 597.50793pt
(typearea)              \textwidth      = 418.25555pt
(typearea)              DIV departure   = -6%
(typearea)              \evensidemargin = 47.2316pt
(typearea)              \oddsidemargin  = -12.5192pt
(typearea)             \paperheight     = 845.04694pt
(typearea)              \textheight     = 595.80026pt
(typearea)              \topmargin      = -25.16531pt
(typearea)              \headheight     = 17.0pt
(typearea)              \headsep        = 20.40001pt
(typearea)              \topskip        = 11.0pt
(typearea)              \footskip       = 47.6pt
(typearea)              \baselineskip   = 13.6pt
(typearea)              on input line 1706.
)
\c@part=\count81
\c@chapter=\count82
\c@section=\count83
\c@subsection=\count84
\c@subsubsection=\count85
\c@paragraph=\count86
\c@subparagraph=\count87
\scr@dte@part@maxnumwidth=\skip47
\scr@dte@chapter@maxnumwidth=\skip48
\scr@dte@section@maxnumwidth=\skip49
\scr@dte@subsection@maxnumwidth=\skip50
\scr@dte@subsubsection@maxnumwidth=\skip51
\scr@dte@paragraph@maxnumwidth=\skip52
\scr@dte@subparagraph@maxnumwidth=\skip53
\abovecaptionskip=\skip54
\belowcaptionskip=\skip55
\c@pti@nb@sid@b@x=\box27
\scr@dte@figure@maxnumwidth=\skip56
Package tocbasic Info: omitting babel extension for `lof'
(tocbasic)             because of feature `nobabel' available
(tocbasic)             for `lof' on input line 6251.
\c@figure=\count88
\scr@dte@table@maxnumwidth=\skip57
Package tocbasic Info: omitting babel extension for `lot'
(tocbasic)             because of feature `nobabel' available
(tocbasic)             for `lot' on input line 6272.
\c@table=\count89
Class scrbook Info: Redefining `\numberline' on input line 6445.
\bibindent=\dimen102
)
(/home/philipp/.miktex/texmfs/install/tex/latex/base/fontenc.sty
Package: fontenc 2017/04/05 v2.0i Standard LaTeX package

(/home/philipp/.miktex/texmfs/install/tex/latex/base/t1enc.def
File: t1enc.def 2017/04/05 v2.0i Standard LaTeX file
LaTeX Font Info:    Redeclaring font encoding T1 on input line 48.
))
(/home/philipp/.miktex/texmfs/install/tex/latex/ae/ae.sty
Package: ae 2001/02/12 1.3 Almost European Computer Modern

(/home/philipp/.miktex/texmfs/install/tex/latex/base/fontenc.sty
Package: fontenc 2017/04/05 v2.0i Standard LaTeX package

(/home/philipp/.miktex/texmfs/install/tex/latex/base/t1enc.def
File: t1enc.def 2017/04/05 v2.0i Standard LaTeX file
LaTeX Font Info:    Redeclaring font encoding T1 on input line 48.
)
LaTeX Font Info:    Try loading font information for T1+aer on input line 105.

(/home/philipp/.miktex/texmfs/install/tex/latex/ae/t1aer.fd
File: t1aer.fd 1997/11/16 Font definitions for T1/aer.
)))
(/home/philipp/.miktex/texmfs/install/tex/latex/graphics/graphicx.sty
Package: graphicx 2017/06/01 v1.1a Enhanced LaTeX Graphics (DPC,SPQR)

(/home/philipp/.miktex/texmfs/install/tex/latex/graphics/graphics.sty
Package: graphics 2017/06/25 v1.2c Standard LaTeX Graphics (DPC,SPQR)

(/home/philipp/.miktex/texmfs/install/tex/latex/graphics/trig.sty
Package: trig 2016/01/03 v1.10 sin cos tan (DPC)
)
(/home/philipp/.miktex/texmfs/install/tex/latex/graphics-cfg/graphics.cfg
File: graphics.cfg 2016/06/04 v1.11 sample graphics configuration
)
Package graphics Info: Driver file: pdftex.def on input line 99.

(/home/philipp/.miktex/texmfs/install/tex/latex/graphics-def/pdftex.def
File: pdftex.def 2018/01/08 v1.0l Graphics/color driver for pdftex
))
\Gin@req@height=\dimen103
\Gin@req@width=\dimen104
)
(/home/philipp/.miktex/texmfs/install/tex/latex/vmargin/vmargin.sty
Package: vmargin 2004/07/15 V2.5 set document margins (VK)

Package: vmargin 2004/07/15 V2.5 set document margins (VK)
\PaperWidth=\dimen105
\PaperHeight=\dimen106
)

Class scrbook Warning: Usage of package `fancyhdr' together
(scrbook)              with a KOMA-Script class is not recommended.
(scrbook)              I'd suggest to use 
(scrbook)              package `scrlayer' or `scrlayer-scrpage', because
(scrbook)              they support KOMA-Script classes.
(scrbook)              With `fancyhdr' several features of class `scrbook'
(scrbook)              like options `headsepline', `footsepline' or command
(scrbook)              `\MakeMarkcase' and the commands `\setkomafont' and
(scrbook)              `\addtokomafont' for the page style elements need
(scrbook)              explicite user intervention to work.
(scrbook)              Nevertheless, using requested
(scrbook)              package `fancyhdr' on input line 31.

(/home/philipp/.miktex/texmfs/install/tex/latex/fancyhdr/fancyhdr.sty
Package: fancyhdr 2017/06/30 v3.9a Extensive control of page headers and footer
s
\f@nch@headwidth=\skip58
\f@nch@O@elh=\skip59
\f@nch@O@erh=\skip60
\f@nch@O@olh=\skip61
\f@nch@O@orh=\skip62
\f@nch@O@elf=\skip63
\f@nch@O@erf=\skip64
\f@nch@O@olf=\skip65
\f@nch@O@orf=\skip66
)
(/home/philipp/.miktex/texmfs/install/tex/latex/subfigure/subfigure.sty
Package: subfigure 2002/07/30 v2.1.4 subfigure package
\subfigtopskip=\skip67
\subfigcapskip=\skip68
\subfigcaptopadj=\dimen107
\subfigbottomskip=\skip69
\subfigcapmargin=\dimen108
\subfiglabelskip=\skip70
\c@subfigure=\count90
\c@lofdepth=\count91
\c@subtable=\count92
\c@lotdepth=\count93

****************************************
* Local config file subfigure.cfg used *
****************************************
(/home/philipp/.miktex/texmfs/install/tex/latex/subfigure/subfigure.cfg)
\subfig@top=\skip71
\subfig@bottom=\skip72
)
(/home/philipp/.miktex/texmfs/install/tex/latex/url/url.sty
\Urlmuskip=\muskip10
Package: url 2013/09/16  ver 3.4  Verb mode for urls, etc.
)
(/home/philipp/.miktex/texmfs/install/tex/latex/textpos/textpos.sty
Package: textpos 2016/06/07 v1.8

Package: textpos 2016/06/07 1.8, absolute positioning of text on the page
(/home/philipp/.miktex/texmfs/install/tex/latex/ms/everyshi.sty
Package: everyshi 2001/05/15 v3.00 EveryShipout Package (MS)
)
\TP@textbox=\box28
\TP@holdbox=\box29
\TPHorizModule=\dimen109
\TPVertModule=\dimen110
\TP@margin=\dimen111
\TP@absmargin=\dimen112

Grid set 16 x 16 = 37.38425pt x 52.86877pt
\TPboxrulesize=\dimen113
\TP@ox=\dimen114
\TP@oy=\dimen115
\TP@tbargs=\toks15
\TP@prevdepth=\dimen116
TextBlockOrigin set to 0pt x 0pt
) (/home/philipp/.miktex/texmfs/install/tex/latex/pgf/frontendlayer/tikz.sty
(/home/philipp/.miktex/texmfs/install/tex/latex/pgf/basiclayer/pgf.sty
(/home/philipp/.miktex/texmfs/install/tex/latex/pgf/utilities/pgfrcs.sty
(/home/philipp/.miktex/texmfs/install/tex/generic/pgf/utilities/pgfutil-common.
tex
\pgfutil@everybye=\toks16
\pgfutil@tempdima=\dimen117
\pgfutil@tempdimb=\dimen118

(/home/philipp/.miktex/texmfs/install/tex/generic/pgf/utilities/pgfutil-common-
lists.tex))
(/home/philipp/.miktex/texmfs/install/tex/generic/pgf/utilities/pgfutil-latex.d
ef
\pgfutil@abb=\box30
)
(/home/philipp/.miktex/texmfs/install/tex/generic/pgf/utilities/pgfrcs.code.tex
Package: pgfrcs 2015/08/07 v3.0.1a (rcs-revision 1.31)
))
Package: pgf 2015/08/07 v3.0.1a (rcs-revision 1.15)
 (/home/philipp/.miktex/texmfs/install/tex/latex/pgf/basiclayer/pgfcore.sty
(/home/philipp/.miktex/texmfs/install/tex/latex/pgf/systemlayer/pgfsys.sty
(/home/philipp/.miktex/texmfs/install/tex/generic/pgf/systemlayer/pgfsys.code.t
ex
Package: pgfsys 2014/07/09 v3.0.1a (rcs-revision 1.48)

(/home/philipp/.miktex/texmfs/install/tex/generic/pgf/utilities/pgfkeys.code.te
x
\pgfkeys@pathtoks=\toks17
\pgfkeys@temptoks=\toks18

(/home/philipp/.miktex/texmfs/install/tex/generic/pgf/utilities/pgfkeysfiltered
.code.tex
\pgfkeys@tmptoks=\toks19
))
\pgf@x=\dimen119
\pgf@y=\dimen120
\pgf@xa=\dimen121
\pgf@ya=\dimen122
\pgf@xb=\dimen123
\pgf@yb=\dimen124
\pgf@xc=\dimen125
\pgf@yc=\dimen126
\w@pgf@writea=\write3
\r@pgf@reada=\read1
\c@pgf@counta=\count94
\c@pgf@countb=\count95
\c@pgf@countc=\count96
\c@pgf@countd=\count97
\t@pgf@toka=\toks20
\t@pgf@tokb=\toks21
\t@pgf@tokc=\toks22

(/home/philipp/.miktex/texmfs/install/tex/generic/pgf/systemlayer/pgf.cfg
File: pgf.cfg 2008/05/14  (rcs-revision 1.7)
)
Driver file for pgf: pgfsys-pdftex.def

(/home/philipp/.miktex/texmfs/install/tex/generic/pgf/systemlayer/pgfsys-pdftex
.def
File: pgfsys-pdftex.def 2014/10/11  (rcs-revision 1.35)

(/home/philipp/.miktex/texmfs/install/tex/generic/pgf/systemlayer/pgfsys-common
-pdf.def
File: pgfsys-common-pdf.def 2013/10/10  (rcs-revision 1.13)
)))
(/home/philipp/.miktex/texmfs/install/tex/generic/pgf/systemlayer/pgfsyssoftpat
h.code.tex
File: pgfsyssoftpath.code.tex 2013/09/09  (rcs-revision 1.9)
\pgfsyssoftpath@smallbuffer@items=\count98
\pgfsyssoftpath@bigbuffer@items=\count99
)
(/home/philipp/.miktex/texmfs/install/tex/generic/pgf/systemlayer/pgfsysprotoco
l.code.tex
File: pgfsysprotocol.code.tex 2006/10/16  (rcs-revision 1.4)
)) (/home/philipp/.miktex/texmfs/install/tex/latex/xcolor/xcolor.sty
Package: xcolor 2016/05/11 v2.12 LaTeX color extensions (UK)

(/home/philipp/.miktex/texmfs/install/tex/latex/graphics-cfg/color.cfg
File: color.cfg 2016/01/02 v1.6 sample color configuration
)
Package xcolor Info: Driver file: pdftex.def on input line 225.
Package xcolor Info: Model `cmy' substituted by `cmy0' on input line 1348.
Package xcolor Info: Model `hsb' substituted by `rgb' on input line 1352.
Package xcolor Info: Model `RGB' extended on input line 1364.
Package xcolor Info: Model `HTML' substituted by `rgb' on input line 1366.
Package xcolor Info: Model `Hsb' substituted by `hsb' on input line 1367.
Package xcolor Info: Model `tHsb' substituted by `hsb' on input line 1368.
Package xcolor Info: Model `HSB' substituted by `hsb' on input line 1369.
Package xcolor Info: Model `Gray' substituted by `gray' on input line 1370.
Package xcolor Info: Model `wave' substituted by `hsb' on input line 1371.
)
(/home/philipp/.miktex/texmfs/install/tex/generic/pgf/basiclayer/pgfcore.code.t
ex
Package: pgfcore 2010/04/11 v3.0.1a (rcs-revision 1.7)
 (/home/philipp/.miktex/texmfs/install/tex/generic/pgf/math/pgfmath.code.tex
(/home/philipp/.miktex/texmfs/install/tex/generic/pgf/math/pgfmathcalc.code.tex

(/home/philipp/.miktex/texmfs/install/tex/generic/pgf/math/pgfmathutil.code.tex
)
(/home/philipp/.miktex/texmfs/install/tex/generic/pgf/math/pgfmathparser.code.t
ex
\pgfmath@dimen=\dimen127
\pgfmath@count=\count100
\pgfmath@box=\box31
\pgfmath@toks=\toks23
\pgfmath@stack@operand=\toks24
\pgfmath@stack@operation=\toks25
)
(/home/philipp/.miktex/texmfs/install/tex/generic/pgf/math/pgfmathfunctions.cod
e.tex
(/home/philipp/.miktex/texmfs/install/tex/generic/pgf/math/pgfmathfunctions.bas
ic.code.tex)
(/home/philipp/.miktex/texmfs/install/tex/generic/pgf/math/pgfmathfunctions.tri
gonometric.code.tex)
(/home/philipp/.miktex/texmfs/install/tex/generic/pgf/math/pgfmathfunctions.ran
dom.code.tex)
(/home/philipp/.miktex/texmfs/install/tex/generic/pgf/math/pgfmathfunctions.com
parison.code.tex)
(/home/philipp/.miktex/texmfs/install/tex/generic/pgf/math/pgfmathfunctions.bas
e.code.tex)
(/home/philipp/.miktex/texmfs/install/tex/generic/pgf/math/pgfmathfunctions.rou
nd.code.tex)
(/home/philipp/.miktex/texmfs/install/tex/generic/pgf/math/pgfmathfunctions.mis
c.code.tex)
(/home/philipp/.miktex/texmfs/install/tex/generic/pgf/math/pgfmathfunctions.int
egerarithmetics.code.tex)))
(/home/philipp/.miktex/texmfs/install/tex/generic/pgf/math/pgfmathfloat.code.te
x
\c@pgfmathroundto@lastzeros=\count101
))
(/home/philipp/.miktex/texmfs/install/tex/generic/pgf/basiclayer/pgfcorepoints.
code.tex
File: pgfcorepoints.code.tex 2013/10/07  (rcs-revision 1.27)
\pgf@picminx=\dimen128
\pgf@picmaxx=\dimen129
\pgf@picminy=\dimen130
\pgf@picmaxy=\dimen131
\pgf@pathminx=\dimen132
\pgf@pathmaxx=\dimen133
\pgf@pathminy=\dimen134
\pgf@pathmaxy=\dimen135
\pgf@xx=\dimen136
\pgf@xy=\dimen137
\pgf@yx=\dimen138
\pgf@yy=\dimen139
\pgf@zx=\dimen140
\pgf@zy=\dimen141
)
(/home/philipp/.miktex/texmfs/install/tex/generic/pgf/basiclayer/pgfcorepathcon
struct.code.tex
File: pgfcorepathconstruct.code.tex 2013/10/07  (rcs-revision 1.29)
\pgf@path@lastx=\dimen142
\pgf@path@lasty=\dimen143
)
(/home/philipp/.miktex/texmfs/install/tex/generic/pgf/basiclayer/pgfcorepathusa
ge.code.tex
File: pgfcorepathusage.code.tex 2014/11/02  (rcs-revision 1.24)
\pgf@shorten@end@additional=\dimen144
\pgf@shorten@start@additional=\dimen145
)
(/home/philipp/.miktex/texmfs/install/tex/generic/pgf/basiclayer/pgfcorescopes.
code.tex
File: pgfcorescopes.code.tex 2015/05/08  (rcs-revision 1.46)
\pgfpic=\box32
\pgf@hbox=\box33
\pgf@layerbox@main=\box34
\pgf@picture@serial@count=\count102
)
(/home/philipp/.miktex/texmfs/install/tex/generic/pgf/basiclayer/pgfcoregraphic
state.code.tex
File: pgfcoregraphicstate.code.tex 2014/11/02  (rcs-revision 1.12)
\pgflinewidth=\dimen146
)
(/home/philipp/.miktex/texmfs/install/tex/generic/pgf/basiclayer/pgfcoretransfo
rmations.code.tex
File: pgfcoretransformations.code.tex 2015/08/07  (rcs-revision 1.20)
\pgf@pt@x=\dimen147
\pgf@pt@y=\dimen148
\pgf@pt@temp=\dimen149
)
(/home/philipp/.miktex/texmfs/install/tex/generic/pgf/basiclayer/pgfcorequick.c
ode.tex
File: pgfcorequick.code.tex 2008/10/09  (rcs-revision 1.3)
)
(/home/philipp/.miktex/texmfs/install/tex/generic/pgf/basiclayer/pgfcoreobjects
.code.tex
File: pgfcoreobjects.code.tex 2006/10/11  (rcs-revision 1.2)
)
(/home/philipp/.miktex/texmfs/install/tex/generic/pgf/basiclayer/pgfcorepathpro
cessing.code.tex
File: pgfcorepathprocessing.code.tex 2013/09/09  (rcs-revision 1.9)
)
(/home/philipp/.miktex/texmfs/install/tex/generic/pgf/basiclayer/pgfcorearrows.
code.tex
File: pgfcorearrows.code.tex 2015/05/14  (rcs-revision 1.43)
\pgfarrowsep=\dimen150
)
(/home/philipp/.miktex/texmfs/install/tex/generic/pgf/basiclayer/pgfcoreshade.c
ode.tex
File: pgfcoreshade.code.tex 2013/07/15  (rcs-revision 1.15)
\pgf@max=\dimen151
\pgf@sys@shading@range@num=\count103
)
(/home/philipp/.miktex/texmfs/install/tex/generic/pgf/basiclayer/pgfcoreimage.c
ode.tex
File: pgfcoreimage.code.tex 2013/07/15  (rcs-revision 1.18)

(/home/philipp/.miktex/texmfs/install/tex/generic/pgf/basiclayer/pgfcoreexterna
l.code.tex
File: pgfcoreexternal.code.tex 2014/07/09  (rcs-revision 1.21)
\pgfexternal@startupbox=\box35
))
(/home/philipp/.miktex/texmfs/install/tex/generic/pgf/basiclayer/pgfcorelayers.
code.tex
File: pgfcorelayers.code.tex 2013/07/18  (rcs-revision 1.7)
)
(/home/philipp/.miktex/texmfs/install/tex/generic/pgf/basiclayer/pgfcoretranspa
rency.code.tex
File: pgfcoretransparency.code.tex 2013/09/30  (rcs-revision 1.5)
)
(/home/philipp/.miktex/texmfs/install/tex/generic/pgf/basiclayer/pgfcorepattern
s.code.tex
File: pgfcorepatterns.code.tex 2013/11/07  (rcs-revision 1.5)
)))
(/home/philipp/.miktex/texmfs/install/tex/generic/pgf/modules/pgfmoduleshapes.c
ode.tex
File: pgfmoduleshapes.code.tex 2014/03/21  (rcs-revision 1.35)
\pgfnodeparttextbox=\box36
)
(/home/philipp/.miktex/texmfs/install/tex/generic/pgf/modules/pgfmoduleplot.cod
e.tex
File: pgfmoduleplot.code.tex 2015/08/03  (rcs-revision 1.13)
)
(/home/philipp/.miktex/texmfs/install/tex/latex/pgf/compatibility/pgfcomp-versi
on-0-65.sty
Package: pgfcomp-version-0-65 2007/07/03 v3.0.1a (rcs-revision 1.7)
\pgf@nodesepstart=\dimen152
\pgf@nodesepend=\dimen153
)
(/home/philipp/.miktex/texmfs/install/tex/latex/pgf/compatibility/pgfcomp-versi
on-1-18.sty
Package: pgfcomp-version-1-18 2007/07/23 v3.0.1a (rcs-revision 1.1)
))
(/home/philipp/.miktex/texmfs/install/tex/latex/pgf/utilities/pgffor.sty
(/home/philipp/.miktex/texmfs/install/tex/latex/pgf/utilities/pgfkeys.sty
(/home/philipp/.miktex/texmfs/install/tex/generic/pgf/utilities/pgfkeys.code.te
x)) (/home/philipp/.miktex/texmfs/install/tex/latex/pgf/math/pgfmath.sty
(/home/philipp/.miktex/texmfs/install/tex/generic/pgf/math/pgfmath.code.tex))
(/home/philipp/.miktex/texmfs/install/tex/generic/pgf/utilities/pgffor.code.tex
Package: pgffor 2013/12/13 v3.0.1a (rcs-revision 1.25)
(/home/philipp/.miktex/texmfs/install/tex/generic/pgf/math/pgfmath.code.tex)
\pgffor@iter=\dimen154
\pgffor@skip=\dimen155
\pgffor@stack=\toks26
\pgffor@toks=\toks27
))
(/home/philipp/.miktex/texmfs/install/tex/generic/pgf/frontendlayer/tikz/tikz.c
ode.tex
Package: tikz 2015/08/07 v3.0.1a (rcs-revision 1.151)

(/home/philipp/.miktex/texmfs/install/tex/generic/pgf/libraries/pgflibraryploth
andlers.code.tex
File: pgflibraryplothandlers.code.tex 2013/08/31 v3.0.1a (rcs-revision 1.20)
\pgf@plot@mark@count=\count104
\pgfplotmarksize=\dimen156
)
\tikz@lastx=\dimen157
\tikz@lasty=\dimen158
\tikz@lastxsaved=\dimen159
\tikz@lastysaved=\dimen160
\tikzleveldistance=\dimen161
\tikzsiblingdistance=\dimen162
\tikz@figbox=\box37
\tikz@figbox@bg=\box38
\tikz@tempbox=\box39
\tikz@tempbox@bg=\box40
\tikztreelevel=\count105
\tikznumberofchildren=\count106
\tikznumberofcurrentchild=\count107
\tikz@fig@count=\count108

(/home/philipp/.miktex/texmfs/install/tex/generic/pgf/modules/pgfmodulematrix.c
ode.tex
File: pgfmodulematrix.code.tex 2013/09/17  (rcs-revision 1.8)
\pgfmatrixcurrentrow=\count109
\pgfmatrixcurrentcolumn=\count110
\pgf@matrix@numberofcolumns=\count111
)
\tikz@expandcount=\count112

(/home/philipp/.miktex/texmfs/install/tex/generic/pgf/frontendlayer/tikz/librar
ies/tikzlibrarytopaths.code.tex
File: tikzlibrarytopaths.code.tex 2008/06/17 v3.0.1a (rcs-revision 1.2)
)))
(/home/philipp/.miktex/texmfs/install/tex/generic/babel/babel.sty
Package: babel 2018/11/13 3.27 The Babel package

(/home/philipp/.miktex/texmfs/install/tex/generic/babel/switch.def
File: switch.def 2018/11/13 3.27 Babel switching mechanism
)
*************************************
* Local config file bblopts.cfg used
*
(/home/philipp/.miktex/texmfs/install/tex/latex/arabi/bblopts.cfg
File: bblopts.cfg 2005/09/08 v0.1 add Arabic and Farsi to "declared" options of
 babel
)
(/home/philipp/.miktex/texmfs/install/tex/latex/babel-english/english.ldf
Language: english 2017/06/06 v3.3r English support from the babel system

(/home/philipp/.miktex/texmfs/install/tex/generic/babel/babel.def
File: babel.def 2018/11/13 3.27 Babel common definitions
\babel@savecnt=\count113
\U@D=\dimen163

(/home/philipp/.miktex/texmfs/install/tex/generic/babel/txtbabel.def)
\bbl@dirlevel=\count114
)
\l@british = a dialect from \language\l@english 
\l@UKenglish = a dialect from \language\l@english 
\l@american = a dialect from \language\l@english 
\l@canadian = a dialect from \language\l@american 
\l@australian = a dialect from \language\l@british 
\l@newzealand = a dialect from \language\l@british 
)
(/home/philipp/.miktex/texmfs/install/tex/latex/babel-german/ngerman.ldf
Language: ngerman 2018/03/29 v2.10 German support for babel (post-1996 orthogra
phy)

(/home/philipp/.miktex/texmfs/install/tex/latex/babel-german/ngermanb.ldf
Language: ngermanb 2018/03/29 v2.10 German support for babel (post-1996 orthogr
aphy)


Package babel Warning: No hyphenation patterns were preloaded for
(babel)                the language `German (new orthography)' into the format.

(babel)                Please, configure your TeX system to add them and
(babel)                rebuild the format. Now I will use the patterns
(babel)                preloaded for \language=0 instead on input line 47.

\l@ngerman = a dialect from \language0
Package babel Info: Making " an active character on input line 121.
))) (/home/philipp/.miktex/texmfs/install/tex/latex/algorithms/algorithm.sty
Package: algorithm 2009/08/24 v0.1 Document Style `algorithm' - floating enviro
nment

(/home/philipp/.miktex/texmfs/install/tex/latex/float/float.sty
Package: float 2001/11/08 v1.3d Float enhancements (AL)
\c@float@type=\count115
\float@exts=\toks28
\float@box=\box41
\@float@everytoks=\toks29
\@floatcapt=\box42
)
(/home/philipp/.miktex/texmfs/install/tex/latex/base/ifthen.sty
Package: ifthen 2014/09/29 v1.1c Standard LaTeX ifthen package (DPC)
)
\@float@every@algorithm=\toks30
\c@algorithm=\count116
)
(/home/philipp/.miktex/texmfs/install/tex/latex/algorithmicx/algorithmicx.sty
Package: algorithmicx 2005/04/27 v1.2 Algorithmicx

Document Style algorithmicx 1.2 - a greatly improved `algorithmic' style
\c@ALG@line=\count117
\c@ALG@rem=\count118
\c@ALG@nested=\count119
\ALG@tlm=\skip73
\ALG@thistlm=\skip74
\c@ALG@Lnr=\count120
\c@ALG@blocknr=\count121
\c@ALG@storecount=\count122
\c@ALG@tmpcounter=\count123
\ALG@tmplength=\skip75
)
(/home/philipp/.miktex/texmfs/install/tex/latex/algorithmicx/algpseudocode.sty
Package: algpseudocode 

Document Style - pseudocode environments for use with the `algorithmicx' style
) (/home/philipp/.miktex/texmfs/install/tex/latex/hyperref/hyperref.sty
Package: hyperref 2018/09/30 v6.88a Hypertext links for LaTeX

(/home/philipp/.miktex/texmfs/install/tex/generic/oberdiek/hobsub-hyperref.sty
Package: hobsub-hyperref 2016/05/16 v1.14 Bundle oberdiek, subset hyperref (HO)


(/home/philipp/.miktex/texmfs/install/tex/generic/oberdiek/hobsub-generic.sty
Package: hobsub-generic 2016/05/16 v1.14 Bundle oberdiek, subset generic (HO)
Package: hobsub 2016/05/16 v1.14 Construct package bundles (HO)
Package: infwarerr 2016/05/16 v1.4 Providing info/warning/error messages (HO)
Package: ltxcmds 2016/05/16 v1.23 LaTeX kernel commands for general use (HO)
Package: ifluatex 2016/05/16 v1.4 Provides the ifluatex switch (HO)
Package ifluatex Info: LuaTeX not detected.
Package: ifvtex 2016/05/16 v1.6 Detect VTeX and its facilities (HO)
Package ifvtex Info: VTeX not detected.
Package: intcalc 2016/05/16 v1.2 Expandable calculations with integers (HO)
Package: ifpdf 2018/09/07 v3.3 Provides the ifpdf switch
Package: etexcmds 2016/05/16 v1.6 Avoid name clashes with e-TeX commands (HO)
Package etexcmds Info: Could not find \expanded.
(etexcmds)             That can mean that you are not using pdfTeX 1.50 or
(etexcmds)             that some package has redefined \expanded.
(etexcmds)             In the latter case, load this package earlier.
Package: kvsetkeys 2016/05/16 v1.17 Key value parser (HO)
Package: kvdefinekeys 2016/05/16 v1.4 Define keys (HO)
Package: pdftexcmds 2018/09/10 v0.29 Utility functions of pdfTeX for LuaTeX (HO
)
Package pdftexcmds Info: LuaTeX not detected.
Package pdftexcmds Info: \pdf@primitive is available.
Package pdftexcmds Info: \pdf@ifprimitive is available.
Package pdftexcmds Info: \pdfdraftmode found.
Package: pdfescape 2016/05/16 v1.14 Implements pdfTeX's escape features (HO)
Package: bigintcalc 2016/05/16 v1.4 Expandable calculations on big integers (HO
)
Package: bitset 2016/05/16 v1.2 Handle bit-vector datatype (HO)
Package: uniquecounter 2016/05/16 v1.3 Provide unlimited unique counter (HO)
)
Package hobsub Info: Skipping package `hobsub' (already loaded).
Package: letltxmacro 2016/05/16 v1.5 Let assignment for LaTeX macros (HO)
Package: hopatch 2016/05/16 v1.3 Wrapper for package hooks (HO)
Package: xcolor-patch 2016/05/16 xcolor patch
Package: atveryend 2016/05/16 v1.9 Hooks at the very end of document (HO)
Package atveryend Info: \enddocument detected (standard20110627).
Package: atbegshi 2016/06/09 v1.18 At begin shipout hook (HO)
Package: refcount 2016/05/16 v3.5 Data extraction from label references (HO)
Package: hycolor 2016/05/16 v1.8 Color options for hyperref/bookmark (HO)
) (/home/philipp/.miktex/texmfs/install/tex/generic/ifxetex/ifxetex.sty
Package: ifxetex 2010/09/12 v0.6 Provides ifxetex conditional
)
(/home/philipp/.miktex/texmfs/install/tex/latex/oberdiek/auxhook.sty
Package: auxhook 2016/05/16 v1.4 Hooks for auxiliary files (HO)
)
(/home/philipp/.miktex/texmfs/install/tex/latex/oberdiek/kvoptions.sty
Package: kvoptions 2016/05/16 v3.12 Key value format for package options (HO)
)
\@linkdim=\dimen164
\Hy@linkcounter=\count124
\Hy@pagecounter=\count125

(/home/philipp/.miktex/texmfs/install/tex/latex/hyperref/pd1enc.def
File: pd1enc.def 2018/09/30 v6.88a Hyperref: PDFDocEncoding definition (HO)
Now handling font encoding PD1 ...
... no UTF-8 mapping file for font encoding PD1
)
\Hy@SavedSpaceFactor=\count126

(/home/philipp/.miktex/texmfs/install/tex/latex/00miktex/hyperref.cfg
File: hyperref.cfg 2002/06/06 v1.2 hyperref configuration of TeXLive
)
Package hyperref Info: Option `raiselinks' set `true' on input line 4409.
Package hyperref Info: Option `bookmarks' set `true' on input line 4409.
Package hyperref Info: Option `bookmarksopen' set `true' on input line 4409.
Package hyperref Info: Option `bookmarksnumbered' set `true' on input line 4409
.
Package hyperref Info: Option `hyperindex' set `true' on input line 4409.
Package hyperref Info: Option `plainpages' set `false' on input line 4409.
Package hyperref Info: Option `pdfpagelabels' set `true' on input line 4409.
Package hyperref Info: Option `colorlinks' set `false' on input line 4409.
Package hyperref Info: Hyper figures OFF on input line 4535.
Package hyperref Info: Link nesting OFF on input line 4540.
Package hyperref Info: Hyper index ON on input line 4543.
Package hyperref Info: Plain pages OFF on input line 4550.
Package hyperref Info: Backreferencing OFF on input line 4555.
Package hyperref Info: Implicit mode ON; LaTeX internals redefined.
Package hyperref Info: Bookmarks ON on input line 4788.
\c@Hy@tempcnt=\count127
LaTeX Info: Redefining \url on input line 5141.
\XeTeXLinkMargin=\dimen165
\Fld@menulength=\count128
\Field@Width=\dimen166
\Fld@charsize=\dimen167
Package hyperref Info: Hyper figures OFF on input line 6396.
Package hyperref Info: Link nesting OFF on input line 6401.
Package hyperref Info: Hyper index ON on input line 6404.
Package hyperref Info: backreferencing OFF on input line 6411.
Package hyperref Info: Link coloring OFF on input line 6416.
Package hyperref Info: Link coloring with OCG OFF on input line 6421.
Package hyperref Info: PDF/A mode OFF on input line 6426.
LaTeX Info: Redefining \ref on input line 6466.
LaTeX Info: Redefining \pageref on input line 6470.
\Hy@abspage=\count129
\c@Item=\count130
\c@Hfootnote=\count131
)
Package hyperref Info: Driver (autodetected): hpdftex.

(/home/philipp/.miktex/texmfs/install/tex/latex/hyperref/hpdftex.def
File: hpdftex.def 2018/09/30 v6.88a Hyperref driver for pdfTeX
\Fld@listcount=\count132
\c@bookmark@seq@number=\count133

(/home/philipp/.miktex/texmfs/install/tex/latex/oberdiek/rerunfilecheck.sty
Package: rerunfilecheck 2016/05/16 v1.8 Rerun checks for auxiliary files (HO)
Package uniquecounter Info: New unique counter `rerunfilecheck' on input line 2
82.
)
\Hy@SectionHShift=\skip76
)
(/home/philipp/.miktex/texmfs/install/tex/latex/babelbib/babelbib.sty
Package: babelbib 2012/01/03 v1.31 babelbib: multilingual bibliographies (HH)
\c@btxromaniannumeral=\count134
)
\chapnolen=\skip77
\chapparlen=\skip78
\chapno=\box43
)
(/home/philipp/.miktex/texmfs/install/tex/latex/natbib/natbib.sty
Package: natbib 2010/09/13 8.31b (PWD, AO)
\bibhang=\skip79
\bibsep=\skip80
LaTeX Info: Redefining \cite on input line 694.
\c@NAT@ctr=\count135
)
(/home/philipp/.miktex/texmfs/install/tex/latex/multirow/multirow.sty
Package: multirow 2018/08/03 v2.3 Span multiple rows of a table
\multirow@colwidth=\skip81
\multirow@cntb=\count136
\multirow@dima=\skip82
\bigstrutjot=\dimen168
)
(/home/philipp/.miktex/texmfs/install/tex/latex/listings/listings.sty
\lst@mode=\count137
\lst@gtempboxa=\box44
\lst@token=\toks31
\lst@length=\count138
\lst@currlwidth=\dimen169
\lst@column=\count139
\lst@pos=\count140
\lst@lostspace=\dimen170
\lst@width=\dimen171
\lst@newlines=\count141
\lst@lineno=\count142
\lst@maxwidth=\dimen172

(/home/philipp/.miktex/texmfs/install/tex/latex/listings/lstmisc.sty
File: lstmisc.sty 2018/09/02 1.7 (Carsten Heinz)
\c@lstnumber=\count143
\lst@skipnumbers=\count144
\lst@framebox=\box45
)
(/home/philipp/.miktex/texmfs/install/tex/latex/listings/listings.cfg
File: listings.cfg 2018/09/02 1.7 listings configuration
))
Package: listings 2018/09/02 1.7 (Carsten Heinz)

(/home/philipp/.miktex/texmfs/install/tex/latex/placeins/placeins.sty
Package: placeins 2005/04/18  v 2.2
)
(/home/philipp/.miktex/texmfs/install/tex/latex/glossaries/base/glossaries.sty
Package: glossaries 2018/07/23 v4.41 (NLCT)

(/home/philipp/.miktex/texmfs/install/tex/latex/xkeyval/xkeyval.sty
Package: xkeyval 2014/12/03 v2.7a package option processing (HA)

(/home/philipp/.miktex/texmfs/install/tex/generic/xkeyval/xkeyval.tex
(/home/philipp/.miktex/texmfs/install/tex/generic/xkeyval/xkvutils.tex
\XKV@toks=\toks32
\XKV@tempa@toks=\toks33
)
\XKV@depth=\count145
File: xkeyval.tex 2014/12/03 v2.7a key=value parser (HA)
))
(/home/philipp/.miktex/texmfs/install/tex/latex/mfirstuc/mfirstuc.sty
Package: mfirstuc 2017/11/14 v2.06 (NLCT)

(/home/philipp/.miktex/texmfs/install/tex/latex/etoolbox/etoolbox.sty
Package: etoolbox 2018/08/19 v2.5f e-TeX tools for LaTeX (JAW)
\etb@tempcnta=\count146
)
\@glsmfirst=\toks34
\@glsmrest=\toks35
)
(/home/philipp/.miktex/texmfs/install/tex/latex/textcase/textcase.sty
Package: textcase 2004/10/07 v0.07 Text only upper/lower case changing (DPC)
)
(/home/philipp/.miktex/texmfs/install/tex/latex/xfor/xfor.sty
Package: xfor 2009/02/05 v1.05 (NLCT)
)
(/home/philipp/.miktex/texmfs/install/tex/latex/datatool/datatool-base.sty
Package: datatool-base 2018/04/16 v2.30 (NLCT)

(/home/philipp/.miktex/texmfs/install/tex/latex/amsmath/amsmath.sty
Package: amsmath 2017/09/02 v2.17a AMS math features
\@mathmargin=\skip83

For additional information on amsmath, use the `?' option.
(/home/philipp/.miktex/texmfs/install/tex/latex/amsmath/amstext.sty
Package: amstext 2000/06/29 v2.01 AMS text

(/home/philipp/.miktex/texmfs/install/tex/latex/amsmath/amsgen.sty
File: amsgen.sty 1999/11/30 v2.0 generic functions
\@emptytoks=\toks36
\ex@=\dimen173
))
(/home/philipp/.miktex/texmfs/install/tex/latex/amsmath/amsbsy.sty
Package: amsbsy 1999/11/29 v1.2d Bold Symbols
\pmbraise@=\dimen174
)
(/home/philipp/.miktex/texmfs/install/tex/latex/amsmath/amsopn.sty
Package: amsopn 2016/03/08 v2.02 operator names
)
\inf@bad=\count147
LaTeX Info: Redefining \frac on input line 213.
\uproot@=\count148
\leftroot@=\count149
LaTeX Info: Redefining \overline on input line 375.
\classnum@=\count150
\DOTSCASE@=\count151
LaTeX Info: Redefining \ldots on input line 472.
LaTeX Info: Redefining \dots on input line 475.
LaTeX Info: Redefining \cdots on input line 596.
\Mathstrutbox@=\box46
\strutbox@=\box47
\big@size=\dimen175
LaTeX Font Info:    Redeclaring font encoding OML on input line 712.
LaTeX Font Info:    Redeclaring font encoding OMS on input line 713.
\macc@depth=\count152
\c@MaxMatrixCols=\count153
\dotsspace@=\muskip11
\c@parentequation=\count154
\dspbrk@lvl=\count155
\tag@help=\toks37
\row@=\count156
\column@=\count157
\maxfields@=\count158
\andhelp@=\toks38
\eqnshift@=\dimen176
\alignsep@=\dimen177
\tagshift@=\dimen178
\tagwidth@=\dimen179
\totwidth@=\dimen180
\lineht@=\dimen181
\@envbody=\toks39
\multlinegap=\skip84
\multlinetaggap=\skip85
\mathdisplay@stack=\toks40
LaTeX Info: Redefining \[ on input line 2817.
LaTeX Info: Redefining \] on input line 2818.
)
(/home/philipp/.miktex/texmfs/install/tex/latex/substr/substr.sty
Package: substr 2009/10/20 v1.2 Handle substrings
\c@su@anzahl=\count159
)
(/home/philipp/.miktex/texmfs/install/tex/latex/datatool/datatool-fp.sty
Package: datatool-fp 2018/04/16 v2.30 (NLCT)

(/home/philipp/.miktex/texmfs/install/tex/latex/fp/fp.sty
Package: fp 1995/04/02

`Fixed Point Package', Version 0.8, April 2, 1995 (C) Michael Mehlich
(/home/philipp/.miktex/texmfs/install/tex/latex/fp/defpattern.sty
Package: defpattern 1994/10/12
\actioncount=\count160
)
(/home/philipp/.miktex/texmfs/install/tex/latex/fp/fp-basic.sty
Package: fp-basic 1996/05/13
\FP@xs=\count161
\FP@xia=\count162
\FP@xib=\count163
\FP@xfa=\count164
\FP@xfb=\count165
\FP@rega=\count166
\FP@regb=\count167
\FP@regs=\count168
\FP@times=\count169
)
(/home/philipp/.miktex/texmfs/install/tex/latex/fp/fp-addons.sty
Package: fp-addons 1995/03/15
)
(/home/philipp/.miktex/texmfs/install/tex/latex/fp/fp-snap.sty
Package: fp-snap 1995/04/05
)
(/home/philipp/.miktex/texmfs/install/tex/latex/fp/fp-exp.sty
Package: fp-exp 1995/04/03
)
(/home/philipp/.miktex/texmfs/install/tex/latex/fp/fp-trigo.sty
Package: fp-trigo 1995/04/14
)
(/home/philipp/.miktex/texmfs/install/tex/latex/fp/fp-pas.sty
Package: fp-pas 1994/08/29
)
(/home/philipp/.miktex/texmfs/install/tex/latex/fp/fp-random.sty
Package: fp-random 1995/02/23
\FPseed=\count170
)
(/home/philipp/.miktex/texmfs/install/tex/latex/fp/fp-eqn.sty
Package: fp-eqn 1995/04/03
)
(/home/philipp/.miktex/texmfs/install/tex/latex/fp/fp-upn.sty
Package: fp-upn 1996/10/21
)
(/home/philipp/.miktex/texmfs/install/tex/latex/fp/fp-eval.sty
Package: fp-eval 1995/04/03
)))
\@dtl@toks=\toks41
\@dtl@tmpcount=\count171
\dtl@tmplength=\skip86
\dtl@sortresult=\count172
\@dtl@numgrpsepcount=\count173
\@dtl@datatype=\count174
\dtl@codeA=\count175
\dtl@codeB=\count176
\@dtl@foreach@level=\count177
)
(/home/philipp/.miktex/texmfs/install/tex/latex/glossaries/base/glossaries-comp
atible-307.sty
Package: glossaries-compatible-307 2018/07/23 v4.41 (NLCT)
)
(/home/philipp/.miktex/texmfs/install/tex/latex/tracklang/tracklang.sty
Package: tracklang 2018/05/13 v1.3.6 (NLCT) Track Languages

(/home/philipp/.miktex/texmfs/install/tex/generic/tracklang/tracklang.tex))
(/home/philipp/.miktex/texmfs/install/tex/latex/translator/translator.sty
Package: translator 2018/01/04 v1.12 Easy translation of strings in LaTeX
)
(/home/philipp/.miktex/texmfs/install/tex/latex/glossaries-german/glossaries-ge
rman.ldf
File: glossaries-german.ldf 2014/11/23 v1.0
)
(/home/philipp/.miktex/texmfs/install/tex/latex/glossaries-english/glossaries-e
nglish.ldf
File: glossaries-english.ldf 2014/11/23 v1.0
)
\gls@level=\count178
\@gls@tmpb=\toks42
\gls@tmplen=\skip87
\glskeylisttok=\toks43
\glslabeltok=\toks44
\glsshorttok=\toks45
\glslongtok=\toks46

(/home/philipp/.miktex/texmfs/install/tex/latex/glossaries/styles/glossary-hype
rnav.sty
Package: glossary-hypernav 2018/07/23 v4.41 (NLCT)
)
(/home/philipp/.miktex/texmfs/install/tex/latex/glossaries/styles/glossary-list
.sty
Package: glossary-list 2018/07/23 v4.41 (NLCT)
\glslistdottedwidth=\skip88
)
(/home/philipp/.miktex/texmfs/install/tex/latex/glossaries/styles/glossary-long
.sty
Package: glossary-long 2018/07/23 v4.41 (NLCT)
 (/home/philipp/.miktex/texmfs/install/tex/latex/tools/longtable.sty
Package: longtable 2014/10/28 v4.11 Multi-page Table package (DPC)
\LTleft=\skip89
\LTright=\skip90
\LTpre=\skip91
\LTpost=\skip92
\LTchunksize=\count179
\LTcapwidth=\dimen182
\LT@head=\box48
\LT@firsthead=\box49
\LT@foot=\box50
\LT@lastfoot=\box51
\LT@cols=\count180
\LT@rows=\count181
\c@LT@tables=\count182
\c@LT@chunks=\count183
\LT@p@ftn=\toks47
)
Class scrbook Info: longtable captions redefined on input line 43.
\glsdescwidth=\skip93
\glspagelistwidth=\skip94
)
(/home/philipp/.miktex/texmfs/install/tex/latex/glossaries/styles/glossary-supe
r.sty
Package: glossary-super 2018/07/23 v4.41 (NLCT)

(/home/philipp/.miktex/texmfs/install/tex/latex/supertabular/supertabular.sty
Package: supertabular 2004/02/20 v4.1e the supertabular environment
\c@tracingst=\count184
\ST@wd=\dimen183
\ST@rightskip=\skip95
\ST@leftskip=\skip96
\ST@parfillskip=\skip97
\ST@pageleft=\dimen184
\ST@headht=\dimen185
\ST@tailht=\dimen186
\ST@pagesofar=\dimen187
\ST@pboxht=\dimen188
\ST@lineht=\dimen189
\ST@stretchht=\dimen190
\ST@prevht=\dimen191
\ST@toadd=\dimen192
\ST@dimen=\dimen193
\ST@pbox=\box52
))
(/home/philipp/.miktex/texmfs/install/tex/latex/glossaries/styles/glossary-tree
.sty
Package: glossary-tree 2018/07/23 v4.41 (NLCT)
\glstreeindent=\skip98
))
\glswrite=\write4
\glo@main@file=\write5
\openout5 = `thesis.glo'.

Package glossaries Info: Writing glossary file thesis.glo on input line 16.
 (/home/philipp/.miktex/texmfs/install/tex/latex/listings/lstlang1.sty
File: lstlang1.sty 2018/09/02 1.7 listings language file
)
(thesis.aux (titlepage.aux) (declaration.aux))
\openout1 = `thesis.aux'.

LaTeX Font Info:    Checking defaults for OML/cmm/m/it on input line 67.
LaTeX Font Info:    ... okay on input line 67.
LaTeX Font Info:    Checking defaults for T1/cmr/m/n on input line 67.
LaTeX Font Info:    ... okay on input line 67.
LaTeX Font Info:    Checking defaults for OT1/cmr/m/n on input line 67.
LaTeX Font Info:    ... okay on input line 67.
LaTeX Font Info:    Checking defaults for OMS/cmsy/m/n on input line 67.
LaTeX Font Info:    ... okay on input line 67.
LaTeX Font Info:    Checking defaults for OMX/cmex/m/n on input line 67.
LaTeX Font Info:    ... okay on input line 67.
LaTeX Font Info:    Checking defaults for U/cmr/m/n on input line 67.
LaTeX Font Info:    ... okay on input line 67.
LaTeX Font Info:    Checking defaults for PD1/pdf/m/n on input line 67.
LaTeX Font Info:    ... okay on input line 67.

(/home/philipp/.miktex/texmfs/install/tex/context/base/supp-pdf.mkii
[Loading MPS to PDF converter (version 2006.09.02).]
\scratchcounter=\count185
\scratchdimen=\dimen194
\scratchbox=\box53
\nofMPsegments=\count186
\nofMParguments=\count187
\everyMPshowfont=\toks48
\MPscratchCnt=\count188
\MPscratchDim=\dimen195
\MPnumerator=\count189
\makeMPintoPDFobject=\count190
\everyMPtoPDFconversion=\toks49
) (/home/philipp/.miktex/texmfs/install/tex/latex/oberdiek/epstopdf-base.sty
Package: epstopdf-base 2016/05/15 v2.6 Base part for package epstopdf

(/home/philipp/.miktex/texmfs/install/tex/latex/oberdiek/grfext.sty
Package: grfext 2016/05/16 v1.2 Manage graphics extensions (HO)
)
Package epstopdf-base Info: Redefining graphics rule for `.eps' on input line 4
38.
Package grfext Info: Graphics extension search list:
(grfext)             [.svg,.eps]
(grfext)             \AppendGraphicsExtensions on input line 456.
)
ABD: EveryShipout initializing macros
\AtBeginShipoutBox=\box54
Package hyperref Info: Link coloring OFF on input line 67.

(/home/philipp/.miktex/texmfs/install/tex/latex/hyperref/nameref.sty
Package: nameref 2016/05/21 v2.44 Cross-referencing by name of section

(/home/philipp/.miktex/texmfs/install/tex/generic/oberdiek/gettitlestring.sty
Package: gettitlestring 2016/05/16 v1.5 Cleanup title references (HO)
)
\c@section@level=\count191
)
LaTeX Info: Redefining \ref on input line 67.
LaTeX Info: Redefining \pageref on input line 67.
LaTeX Info: Redefining \nameref on input line 67.
(thesis.out) (thesis.out)
\@outlinefile=\write6
\openout6 = `thesis.out'.


babelbib: Set bibliography fall-back language to ngerman
(/home/philipp/.miktex/texmfs/install/tex/latex/babelbib/english.bdf
File: english.bdf 2012/01/03 v1.31 babelbib: multilingual bibliographies (HH)

babelbib extension \btxifchangecaseon added to \extrasenglish
) (/home/philipp/.miktex/texmfs/install/tex/latex/babelbib/german.bdf
File: german.bdf 2012/01/03 v1.31 babelbib: multilingual bibliographies (HH)

babelbib extension \btxifchangecaseoff added to \extrasngerman
)
babelbib: Load BibTeX extensions \bibsngerman for ngerman
babelbib: Set language for keywords in the bibliography fixed to ngerman
babelbib: Set language for keywords in the bibliography fixed to ngerman
\c@lstlisting=\count192
(thesis.glsdefs) (hyphenation.tex)
\openout2 = `titlepage.aux'.

 (titlepage.tex
<logos/KITLogo_RGB.pdf, id=58, 196.46399pt x 90.77916pt>
File: logos/KITLogo_RGB.pdf Graphic file (type pdf)
<use logos/KITLogo_RGB.pdf>
Package pdftex.def Info: logos/KITLogo_RGB.pdf  used on input line 24.
(pdftex.def)             Requested size: 112.15387pt x 51.82222pt.
LaTeX Font Info:    Try loading font information for T1+phv on input line 26.

(/home/philipp/.miktex/texmfs/install/tex/latex/psnfss/t1phv.fd
File: t1phv.fd 2001/06/04 scalable font definitions for T1/phv.
)
LaTeX Font Info:    Font shape `T1/phv/bx/n' in size <12> not available
(Font)              Font shape `T1/phv/b/n' tried instead on input line 76.
 [1

\openout4 = `thesis.ist'.






{/home/philipp/.miktex/texmfs/data/pdftex/config/pdftex.map} <./logos/KITLogo_R
GB.pdf>])
[2




]
\openout2 = `declaration.aux'.

 (declaration.tex) [3

] [4




]
<images/inspirobotQuote.jpg, id=82, 652.4375pt x 652.4375pt>
File: images/inspirobotQuote.jpg Graphic file (type jpg)
<use images/inspirobotQuote.jpg>
Package pdftex.def Info: images/inspirobotQuote.jpg  used on input line 85.
(pdftex.def)             Requested size: 250.93842pt x 250.93535pt.


Package natbib Warning: Citation `inspirobot' on page v undefined on input line
 86.


Package natbib Warning: Citation `inspirobot' on page v undefined on input line
 86.

[5 <./images/inspirobotQuote.jpg>] [6


] (thesis.toc
LaTeX Font Info:    Try loading font information for T1+aess on input line 3.

(/home/philipp/.miktex/texmfs/install/tex/latex/ae/t1aess.fd
File: t1aess.fd 1997/11/16 Font definitions for T1/aess.
))
\tf@toc=\write7
\openout7 = `thesis.toc'.

 [7] [8


]
(glossary.tex
\@gls@deffile=\write8
\openout8 = `thesis.glsdefs'.

)
chapter without number

Class scrbook Warning: \float@addtolists detected!
(scrbook)              Implementation of \float@addtolist became
(scrbook)              deprecated in KOMA-Script v3.01 2008/11/14 and
(scrbook)              has been replaced by several more flexible
(scrbook)              features of package `tocbasic`.
(scrbook)              Since Version 3.12 support for deprecated
(scrbook)              \float@addtolist interface has been
(scrbook)              restricted to only some of the KOMA-Script
(scrbook)              features and been removed from others.
(scrbook)              Loading of package `scrhack' may help to
(scrbook)              avoid this warning, if you are using a
(scrbook)              a package that still implements the
(scrbook)              deprecated \float@addtolist interface .

[9


]
<images/machineLearningInAI.jpg, id=121, 961.5925pt x 592.2125pt>
File: images/machineLearningInAI.jpg Graphic file (type jpg)
<use images/machineLearningInAI.jpg>
Package pdftex.def Info: images/machineLearningInAI.jpg  used on input line 117
.
(pdftex.def)             Requested size: 427.43153pt x 263.24004pt.
pdfTeX warning (ext4): destination with the same identifier (name{figure.0.1}) 
has been already used, duplicate ignored
<to be read again> 
                   \relax 
l.118 ...einzuordnen ist. \cite{machineLearning1}}
                                                  

Package natbib Warning: Citation `machineLearning1' on page x undefined on inpu
t line 118.

pdfTeX warning (ext4): destination with the same identifier (name{figure.0.1}) 
has been already used, duplicate ignored
<to be read again> 
                   \relax 
l.118 ...einzuordnen ist. \cite{machineLearning1}}
                                                  

Package natbib Warning: Citation `machineLearning1' on page x undefined on inpu
t line 118.


Overfull \hbox (14.0409pt too wide) in paragraph at lines 122--124
\T1/aer/m/n/10.95 liefert, hier kommt Maschinelles Lernen ins Spiel. Dank stati
stischer Auswertungen Teilbereich
 []

LaTeX Font Info:    Try loading font information for OMS+aer on input line 128.

(/home/philipp/.miktex/texmfs/install/tex/latex/ae/omsaer.fd
File: omsaer.fd 1999/12/27
)
LaTeX Font Info:    Font shape `OMS/aer/m/n' in size <10.95> not available
(Font)              Font shape `OMS/cmsy/m/n' tried instead on input line 128.
 [10 <./images/machineLearningInAI.jpg>]
<images/DeepNeuralNetwork.jpg, id=127, 722.7pt x 482.0409pt>
File: images/DeepNeuralNetwork.jpg Graphic file (type jpg)
<use images/DeepNeuralNetwork.jpg>
Package pdftex.def Info: images/DeepNeuralNetwork.jpg  used on input line 144.
(pdftex.def)             Requested size: 427.43153pt x 285.1004pt.
 [11 <./images/DeepNeuralNetwork.jpg>] [12


]

Package natbib Warning: Citation `gassist' on page 1 undefined on input line 16
5.


Package natbib Warning: Citation `inspirobot' on page 1 undefined on input line
 166.

[1] [2


]
No file thesis.bbl.
No file thesis.gls.

Package natbib Warning: There were undefined citations.

[3


]
Package atveryend Info: Empty hook `BeforeClearDocument' on input line 195.
Package atveryend Info: Empty hook `AfterLastShipout' on input line 195.
 (thesis.aux (titlepage.aux) (declaration.aux))
Package atveryend Info: Executing hook `AtVeryEndDocument' on input line 195.
Package atveryend Info: Executing hook `AtEndAfterFileList' on input line 195.
Package rerunfilecheck Info: File `thesis.out' has not changed.
(rerunfilecheck)             Checksum: 28FB43210E31730B3DFA247BB4E14AD7;953.
Package atveryend Info: Empty hook `AtVeryVeryEnd' on input line 195.
 ) 
Here is how much of TeX's memory you used:
 27859 strings out of 494889
 512872 string characters out of 3178525
 909228 words of memory out of 3000000
 30875 multiletter control sequences out of 15000+200000
 51420 words of font info for 80 fonts, out of 3000000 for 9000
 1 hyphenation exception out of 8191
 71i,11n,72p,9088b,397s stack positions out of 5000i,500n,10000p,200000b,50000s
pdfTeX warning (dest): name{glo:IA} has been referenced but does not exist, r
eplaced by a fixed one

{/home/philipp/.miktex/texmfs/install/fonts/enc/dvips/base/8r.enc}</home/philip
p/.miktex/texmfs/install/fonts/type1/public/amsfonts/cm/cmbx10.pfb></home/phili
pp/.miktex/texmfs/install/fonts/type1/public/amsfonts/cm/cmbx12.pfb></home/phil
ipp/.miktex/texmfs/install/fonts/type1/public/amsfonts/cm/cmr10.pfb></home/phil
ipp/.miktex/texmfs/install/fonts/type1/public/amsfonts/cm/cmsl10.pfb></home/phi
lipp/.miktex/texmfs/install/fonts/type1/public/amsfonts/cm/cmssbx10.pfb></home/
philipp/.miktex/texmfs/install/fonts/type1/public/amsfonts/cm/cmsy10.pfb></home
/philipp/.miktex/texmfs/install/fonts/type1/urw/helvetic/uhvb8a.pfb></home/phil
ipp/.miktex/texmfs/install/fonts/type1/urw/helvetic/uhvr8a.pfb>
Output written on thesis.pdf (15 pages, 552572 bytes).
PDF statistics:
 188 PDF objects out of 1000 (max. 8388607)
 33 named destinations out of 1000 (max. 500000)
 137 words of extra memory for PDF output out of 10000 (max. 10000000)

